2025-01-03 11:20:09,102 - INFO -ROOT FOLDER PATH: /home/bio/Desktop/jupyter_test/antibody_test/output_20250103_112009
2025-01-03 11:20:09,229 - INFO -conda activate path --> /home/bio/ls/bin/activate version: conda 24.11.1
2025-01-03 11:20:09,231 - INFO -Python --> /home/bio/ls/bin/python version: Python 3.12.7
2025-01-03 11:20:09,231 - INFO -VMD path --> /usr/local/bin/vmd 
2025-01-03 11:20:09,231 - INFO -gmx path --> /opt/gromacs-2024.4/bin/gmx 
2025-01-03 11:20:09,503 - INFO -gmxMMPBSA is installed
2025-01-03 11:20:09,770 - INFO -modeller is installed
2025-01-03 11:20:09,770 - INFO -The structure file is /home/bio/Desktop/jupyter_test/antibody_test/DATA/HLA_BiAB_protein_50ns.pdb
2025-01-03 11:20:09,770 - INFO -#### Begin with configuration0 ####
2025-01-03 11:20:09,770 - INFO -PATH : /home/bio/Desktop/jupyter_test/antibody_test/output_20250103_112009/configuration
2025-01-03 11:20:09,951 - INFO -Topology generation completed successfully.
2025-01-03 11:20:09,984 - INFO -Simulation box definition completed successfully.
2025-01-03 11:20:10,609 - INFO -Water and ions successfully added to the system.
2025-01-03 11:20:16,090 - INFO -Energy minimization completed successfully.
2025-01-03 11:20:16,090 - INFO -Running NVT MD for temperature equilibration.
2025-01-03 11:20:33,451 - INFO -Running NPT MD for pressure equilibration
2025-01-03 11:20:52,943 - INFO -Equilibration completed successfully.
2025-01-03 11:31:22,224 - INFO -Building input files for gmx MMPBSA.
2025-01-03 11:31:24,392 - INFO -Running gmxMMPBSA_cycle1
2025-01-03 11:37:29,405 - INFO -Data Analysis.
2025-01-03 11:37:29,413 - INFO -Results for cycle1:
Headers: frame | DeltaG(kJ/mol) | Coul(kJ/mol) | VdW(kJ/mol) | PolSol(kJ/mol) | NpoSol(kJ/mol) | SF1 | SF2 | Canonical_AVG | MedianDeltaG(kJ/mol) | DeltaG_2s(kJ/mol)
AVG Values: AVG | -64.5 | -253.8 | -93.9 | 283.2 | 0.0 | -53.7 | -478.2 | -82.8 | -64.8 | -64.4
STD Values: STD | 8.4 | 24.5 | 5.4 | 22.3 | 0.0 | 0.2 | 95.8 | nan | nan | 8.4
2025-01-03 11:37:29,413 - INFO -Cleaning files.
2025-01-03 11:37:29,413 - INFO -Moving files.
2025-01-03 11:42:26,735 - INFO -Building input files for gmx MMPBSA.
2025-01-03 11:42:28,826 - INFO -Running gmxMMPBSA_cycle2
2025-01-03 11:48:41,484 - INFO -Data Analysis.
2025-01-03 11:48:41,491 - INFO -Results for cycle2:
Headers: frame | DeltaG(kJ/mol) | Coul(kJ/mol) | VdW(kJ/mol) | PolSol(kJ/mol) | NpoSol(kJ/mol) | SF1 | SF2 | Canonical_AVG | MedianDeltaG(kJ/mol) | DeltaG_2s(kJ/mol)
AVG Values: AVG | -53.6 | -266.4 | -89.4 | 302.1 | 0.0 | -56.9 | -497.0 | -82.5 | -54.6 | -54.4
STD Values: STD | 15.3 | 36.5 | 6.6 | 25.4 | 0.0 | 1.1 | 134.9 | nan | nan | 15.3
2025-01-03 11:48:41,491 - INFO -Cleaning files.
2025-01-03 11:48:41,491 - INFO -Moving files.
2025-01-03 11:53:32,015 - INFO -Building input files for gmx MMPBSA.
2025-01-03 11:53:34,104 - INFO -Running gmxMMPBSA_cycle3
2025-01-03 11:59:55,064 - INFO -Data Analysis.
2025-01-03 11:59:55,079 - INFO -Results for cycle3:
Headers: frame | DeltaG(kJ/mol) | Coul(kJ/mol) | VdW(kJ/mol) | PolSol(kJ/mol) | NpoSol(kJ/mol) | SF1 | SF2 | Canonical_AVG | MedianDeltaG(kJ/mol) | DeltaG_2s(kJ/mol)
AVG Values: AVG | -61.5 | -258.7 | -95.5 | 292.7 | 0.0 | -55.1 | -483.5 | -83.3 | -62.3 | -62.0
STD Values: STD | 8.5 | 21.9 | 5.5 | 20.7 | 0.0 | 0.1 | 86.4 | nan | nan | 8.5
2025-01-03 11:59:55,079 - INFO -Cleaning files.
2025-01-03 11:59:55,079 - INFO -Moving files.
2025-01-03 12:04:37,804 - INFO -Building input files for gmx MMPBSA.
2025-01-03 12:04:39,873 - INFO -Running gmxMMPBSA_cycle4
2025-01-03 12:10:52,201 - INFO -Data Analysis.
2025-01-03 12:10:52,208 - INFO -Results for cycle4:
Headers: frame | DeltaG(kJ/mol) | Coul(kJ/mol) | VdW(kJ/mol) | PolSol(kJ/mol) | NpoSol(kJ/mol) | SF1 | SF2 | Canonical_AVG | MedianDeltaG(kJ/mol) | DeltaG_2s(kJ/mol)
AVG Values: AVG | -68.3 | -250.7 | -98.1 | 280.6 | 0.0 | -53.1 | -471.5 | -90.3 | -68.2 | -68.7
STD Values: STD | 8.8 | 28.4 | 5.2 | 25.3 | 0.0 | 0.3 | 110.6 | nan | nan | 8.8
2025-01-03 12:10:52,208 - INFO -Cleaning files.
2025-01-03 12:10:52,208 - INFO -Moving files.
2025-01-03 12:15:40,488 - INFO -Building input files for gmx MMPBSA.
2025-01-03 12:15:42,570 - INFO -Running gmxMMPBSA_cycle5
2025-01-03 12:21:55,200 - INFO -Data Analysis.
2025-01-03 12:21:55,206 - INFO -Results for cycle5:
Headers: frame | DeltaG(kJ/mol) | Coul(kJ/mol) | VdW(kJ/mol) | PolSol(kJ/mol) | NpoSol(kJ/mol) | SF1 | SF2 | Canonical_AVG | MedianDeltaG(kJ/mol) | DeltaG_2s(kJ/mol)
AVG Values: AVG | -63.5 | -244.2 | -95.0 | 275.7 | 0.0 | -52.0 | -457.0 | -91.4 | -64.6 | -65.0
STD Values: STD | 12.3 | 25.4 | 7.0 | 22.4 | 0.0 | 0.3 | 98.7 | nan | nan | 12.3
2025-01-03 12:21:55,207 - INFO -Cleaning files.
2025-01-03 12:21:55,207 - INFO -Moving files.
2025-01-03 12:26:46,412 - INFO -Building input files for gmx MMPBSA.
2025-01-03 12:26:48,499 - INFO -Running gmxMMPBSA_cycle6
2025-01-03 12:33:02,485 - INFO -Data Analysis.
2025-01-03 12:33:02,491 - INFO -Results for cycle6:
Headers: frame | DeltaG(kJ/mol) | Coul(kJ/mol) | VdW(kJ/mol) | PolSol(kJ/mol) | NpoSol(kJ/mol) | SF1 | SF2 | Canonical_AVG | MedianDeltaG(kJ/mol) | DeltaG_2s(kJ/mol)
AVG Values: AVG | -60.4 | -221.9 | -91.4 | 252.9 | 0.0 | -47.5 | -412.9 | -81.1 | -61.0 | -61.5
STD Values: STD | 10.4 | 29.5 | 7.9 | 26.0 | 0.0 | 0.4 | 114.6 | nan | nan | 10.4
2025-01-03 12:33:02,491 - INFO -Cleaning files.
2025-01-03 12:33:02,510 - INFO -Moving files.
2025-01-03 12:37:50,735 - INFO -Building input files for gmx MMPBSA.
2025-01-03 12:37:52,826 - INFO -Running gmxMMPBSA_cycle7
2025-01-03 12:44:03,564 - INFO -Data Analysis.
2025-01-03 12:44:03,571 - INFO -Results for cycle7:
Headers: frame | DeltaG(kJ/mol) | Coul(kJ/mol) | VdW(kJ/mol) | PolSol(kJ/mol) | NpoSol(kJ/mol) | SF1 | SF2 | Canonical_AVG | MedianDeltaG(kJ/mol) | DeltaG_2s(kJ/mol)
AVG Values: AVG | -65.3 | -249.3 | -101.7 | 285.7 | 0.0 | -53.5 | -462.3 | -87.3 | -65.9 | -64.7
STD Values: STD | 9.0 | 21.4 | 6.4 | 19.7 | 0.0 | 0.2 | 84.0 | nan | nan | 9.0
2025-01-03 12:44:03,571 - INFO -Cleaning files.
2025-01-03 12:44:03,571 - INFO -Moving files.
2025-01-03 12:48:53,841 - INFO -Building input files for gmx MMPBSA.
2025-01-03 12:48:55,957 - INFO -Running gmxMMPBSA_cycle8
2025-01-03 12:54:50,681 - INFO -Data Analysis.
2025-01-03 12:54:50,687 - INFO -Results for cycle8:
Headers: frame | DeltaG(kJ/mol) | Coul(kJ/mol) | VdW(kJ/mol) | PolSol(kJ/mol) | NpoSol(kJ/mol) | SF1 | SF2 | Canonical_AVG | MedianDeltaG(kJ/mol) | DeltaG_2s(kJ/mol)
AVG Values: AVG | -71.9 | -270.2 | -98.2 | 296.6 | 0.0 | -56.7 | -514.2 | -92.3 | -72.3 | -72.4
STD Values: STD | 8.7 | 25.5 | 6.2 | 23.6 | 0.0 | 0.2 | 100.2 | nan | nan | 8.7
2025-01-03 12:54:50,687 - INFO -Cleaning files.
2025-01-03 12:54:50,688 - INFO -Moving files.
2025-01-03 12:59:56,115 - INFO -Building input files for gmx MMPBSA.
2025-01-03 12:59:58,165 - INFO -Running gmxMMPBSA_cycle9
2025-01-03 13:06:10,967 - INFO -Data Analysis.
2025-01-03 13:06:10,982 - INFO -Results for cycle9:
Headers: frame | DeltaG(kJ/mol) | Coul(kJ/mol) | VdW(kJ/mol) | PolSol(kJ/mol) | NpoSol(kJ/mol) | SF1 | SF2 | Canonical_AVG | MedianDeltaG(kJ/mol) | DeltaG_2s(kJ/mol)
AVG Values: AVG | -68.1 | -282.4 | -95.3 | 309.6 | 0.0 | -59.2 | -537.5 | -83.7 | -69.0 | -68.6
STD Values: STD | 8.0 | 23.5 | 6.6 | 22.7 | 0.0 | 0.1 | 93.1 | nan | nan | 8.0
2025-01-03 13:06:10,982 - INFO -Cleaning files.
2025-01-03 13:06:10,982 - INFO -Moving files.
2025-01-03 13:10:59,510 - INFO -Building input files for gmx MMPBSA.
2025-01-03 13:11:01,193 - INFO -Running gmxMMPBSA_cycle10
2025-01-03 13:16:39,823 - INFO -Data Analysis.
2025-01-03 13:16:39,829 - INFO -Results for cycle10:
Headers: frame | DeltaG(kJ/mol) | Coul(kJ/mol) | VdW(kJ/mol) | PolSol(kJ/mol) | NpoSol(kJ/mol) | SF1 | SF2 | Canonical_AVG | MedianDeltaG(kJ/mol) | DeltaG_2s(kJ/mol)
AVG Values: AVG | -75.0 | -275.2 | -95.6 | 295.8 | 0.0 | -57.1 | -529.8 | -93.1 | -76.2 | -74.9
STD Values: STD | 8.9 | 30.3 | 6.1 | 26.8 | 0.0 | 0.4 | 117.8 | nan | nan | 8.9
2025-01-03 13:16:39,829 - INFO -Cleaning files.
2025-01-03 13:16:39,848 - INFO -Moving files.
2025-01-03 13:16:39,897 - INFO -Making the starting PDB for the next Mutation from LastFrame_cycle10.gro
2025-01-03 13:16:40,238 - INFO -Making the average of the cycles results.
2025-01-03 13:16:40,247 - INFO -Results for Configuation
DeltaG(kJ/mol): -65.2 +- 6.1 kJ/mol
Coul(kJ/mol): -257.3 +- 17.5 kJ/mol
VdW(kJ/mol): -95.4 +- 3.5 kJ/mol
PolSol(kJ/mol): 287.5 +- 15.9 kJ/mol
NpoSol(kJ/mol): 0.0 +- 0.0 kJ/mol
SF1: -54.5 +- 0.2 kJ/mol
SF2: -484.3 +- 68.3 kJ/mol
Canonical_AVG: -73.5 +- nan kJ/mol
MedianDeltaG(kJ/mol): -64.9 +- nan kJ/mol
DeltaG_2s(kJ/mol): -65.2 +- 6.1 kJ/mol
2025-01-03 13:16:40,247 - INFO -Finished with Configuration0
2025-01-03 13:16:40,247 - INFO -#### Begin with Mutant1 ####
2025-01-03 13:16:40,248 - INFO -PATH : /home/bio/Desktop/jupyter_test/antibody_test/output_20250103_112009/Mutant1
2025-01-03 13:16:40,248 - INFO -Making a new mutation.
2025-01-03 13:16:41,015 - INFO -Topology generation completed successfully.
2025-01-03 13:16:41,045 - INFO -Simulation box definition completed successfully.
2025-01-03 13:16:41,713 - INFO -Water and ions successfully added to the system.
2025-01-03 13:16:46,975 - INFO -Energy minimization completed successfully.
2025-01-03 13:16:46,975 - INFO -Running NVT MD for temperature equilibration.
2025-01-03 13:17:07,851 - INFO -Running NPT MD for pressure equilibration
2025-01-03 13:17:26,877 - INFO -Equilibration completed successfully.
2025-01-03 13:28:58,617 - INFO -Building input files for gmx MMPBSA.
2025-01-03 13:29:00,783 - INFO -Running gmxMMPBSA_cycle1
2025-01-03 13:35:06,190 - INFO -Data Analysis.
2025-01-03 13:35:06,196 - INFO -Results for cycle1:
Headers: frame | DeltaG(kJ/mol) | Coul(kJ/mol) | VdW(kJ/mol) | PolSol(kJ/mol) | NpoSol(kJ/mol) | SF1 | SF2 | Canonical_AVG | MedianDeltaG(kJ/mol) | DeltaG_2s(kJ/mol)
AVG Values: AVG | -73.7 | -285.0 | -91.9 | 303.2 | 0.0 | -58.8 | -551.8 | -98.0 | -73.9 | -73.7
STD Values: STD | 9.1 | 29.7 | 5.6 | 27.3 | 0.0 | 0.2 | 116.5 | nan | nan | 9.1
2025-01-03 13:35:06,196 - INFO -Cleaning files.
2025-01-03 13:35:06,196 - INFO -Moving files.
2025-01-03 13:41:05,274 - INFO -Building input files for gmx MMPBSA.
2025-01-03 13:41:07,422 - INFO -Running gmxMMPBSA_cycle2
2025-01-03 13:47:41,823 - INFO -Data Analysis.
2025-01-03 13:47:41,829 - INFO -Results for cycle2:
Headers: frame | DeltaG(kJ/mol) | Coul(kJ/mol) | VdW(kJ/mol) | PolSol(kJ/mol) | NpoSol(kJ/mol) | SF1 | SF2 | Canonical_AVG | MedianDeltaG(kJ/mol) | DeltaG_2s(kJ/mol)
AVG Values: AVG | -74.3 | -271.3 | -92.9 | 289.9 | 0.0 | -56.1 | -524.0 | -88.7 | -74.3 | -74.2
STD Values: STD | 7.4 | 26.8 | 6.3 | 24.1 | 0.0 | 0.3 | 104.4 | nan | nan | 7.4
2025-01-03 13:47:41,829 - INFO -Cleaning files.
2025-01-03 13:47:41,849 - INFO -Moving files.
2025-01-03 13:53:14,308 - INFO -Building input files for gmx MMPBSA.
2025-01-03 13:53:16,484 - INFO -Running gmxMMPBSA_cycle3
2025-01-03 13:59:42,177 - INFO -Data Analysis.
2025-01-03 13:59:42,183 - INFO -Results for cycle3:
Headers: frame | DeltaG(kJ/mol) | Coul(kJ/mol) | VdW(kJ/mol) | PolSol(kJ/mol) | NpoSol(kJ/mol) | SF1 | SF2 | Canonical_AVG | MedianDeltaG(kJ/mol) | DeltaG_2s(kJ/mol)
AVG Values: AVG | -84.9 | -296.5 | -95.3 | 306.9 | 0.0 | -60.3 | -582.6 | -104.2 | -85.3 | -85.5
STD Values: STD | 9.7 | 29.3 | 6.0 | 27.1 | 0.0 | 0.2 | 114.9 | nan | nan | 9.7
2025-01-03 13:59:42,183 - INFO -Cleaning files.
2025-01-03 13:59:42,183 - INFO -Moving files.
2025-01-03 14:05:20,758 - INFO -Building input files for gmx MMPBSA.
2025-01-03 14:05:22,928 - INFO -Running gmxMMPBSA_cycle4
2025-01-03 14:11:51,604 - INFO -Data Analysis.
2025-01-03 14:11:51,610 - INFO -Results for cycle4:
Headers: frame | DeltaG(kJ/mol) | Coul(kJ/mol) | VdW(kJ/mol) | PolSol(kJ/mol) | NpoSol(kJ/mol) | SF1 | SF2 | Canonical_AVG | MedianDeltaG(kJ/mol) | DeltaG_2s(kJ/mol)
AVG Values: AVG | -64.6 | -254.2 | -90.4 | 280.0 | 0.0 | -53.4 | -482.6 | -87.7 | -64.6 | -65.6
STD Values: STD | 12.5 | 29.4 | 5.5 | 22.5 | 0.0 | 0.7 | 110.6 | nan | nan | 12.5
2025-01-03 14:11:51,610 - INFO -Cleaning files.
2025-01-03 14:11:51,629 - INFO -Moving files.
2025-01-03 14:17:30,174 - INFO -Building input files for gmx MMPBSA.
2025-01-03 14:17:32,343 - INFO -Running gmxMMPBSA_cycle5
2025-01-03 14:23:57,037 - INFO -Data Analysis.
2025-01-03 14:23:57,044 - INFO -Results for cycle5:
Headers: frame | DeltaG(kJ/mol) | Coul(kJ/mol) | VdW(kJ/mol) | PolSol(kJ/mol) | NpoSol(kJ/mol) | SF1 | SF2 | Canonical_AVG | MedianDeltaG(kJ/mol) | DeltaG_2s(kJ/mol)
AVG Values: AVG | -83.2 | -278.3 | -94.3 | 289.4 | 0.0 | -56.8 | -545.4 | -105.5 | -82.9 | -82.8
STD Values: STD | 9.1 | 23.1 | 5.4 | 20.4 | 0.0 | 0.3 | 89.7 | nan | nan | 9.1
2025-01-03 14:23:57,044 - INFO -Cleaning files.
2025-01-03 14:23:57,044 - INFO -Moving files.
2025-01-03 14:29:37,756 - INFO -Building input files for gmx MMPBSA.
2025-01-03 14:29:39,882 - INFO -Running gmxMMPBSA_cycle6
2025-01-03 14:36:11,586 - INFO -Data Analysis.
2025-01-03 14:36:11,599 - INFO -Results for cycle6:
Headers: frame | DeltaG(kJ/mol) | Coul(kJ/mol) | VdW(kJ/mol) | PolSol(kJ/mol) | NpoSol(kJ/mol) | SF1 | SF2 | Canonical_AVG | MedianDeltaG(kJ/mol) | DeltaG_2s(kJ/mol)
AVG Values: AVG | -84.2 | -314.5 | -94.3 | 324.5 | 0.0 | -63.9 | -619.0 | -105.0 | -84.5 | -84.3
STD Values: STD | 10.1 | 41.3 | 6.3 | 37.8 | 0.0 | 0.4 | 161.8 | nan | nan | 10.1
2025-01-03 14:36:11,599 - INFO -Cleaning files.
2025-01-03 14:36:11,610 - INFO -Moving files.
2025-01-03 14:41:49,255 - INFO -Building input files for gmx MMPBSA.
2025-01-03 14:41:51,412 - INFO -Running gmxMMPBSA_cycle7
2025-01-03 14:48:12,068 - INFO -Data Analysis.
2025-01-03 14:48:12,074 - INFO -Results for cycle7:
Headers: frame | DeltaG(kJ/mol) | Coul(kJ/mol) | VdW(kJ/mol) | PolSol(kJ/mol) | NpoSol(kJ/mol) | SF1 | SF2 | Canonical_AVG | MedianDeltaG(kJ/mol) | DeltaG_2s(kJ/mol)
AVG Values: AVG | -72.0 | -277.5 | -92.5 | 298.0 | 0.0 | -57.6 | -534.6 | -102.3 | -72.0 | -71.9
STD Values: STD | 9.6 | 23.3 | 5.4 | 19.5 | 0.0 | 0.4 | 89.6 | nan | nan | 9.6
2025-01-03 14:48:12,075 - INFO -Cleaning files.
2025-01-03 14:48:12,094 - INFO -Moving files.
2025-01-03 14:53:59,739 - INFO -Building input files for gmx MMPBSA.
2025-01-03 14:54:01,932 - INFO -Running gmxMMPBSA_cycle8
2025-01-03 14:59:50,879 - INFO -Data Analysis.
2025-01-03 14:59:50,886 - INFO -Results for cycle8:
Headers: frame | DeltaG(kJ/mol) | Coul(kJ/mol) | VdW(kJ/mol) | PolSol(kJ/mol) | NpoSol(kJ/mol) | SF1 | SF2 | Canonical_AVG | MedianDeltaG(kJ/mol) | DeltaG_2s(kJ/mol)
AVG Values: AVG | -73.4 | -241.5 | -100.9 | 269.0 | 0.0 | -51.0 | -455.4 | -87.4 | -73.4 | -74.2
STD Values: STD | 8.4 | 21.4 | 5.4 | 17.6 | 0.0 | 0.4 | 81.7 | nan | nan | 8.4
2025-01-03 14:59:50,886 - INFO -Cleaning files.
2025-01-03 14:59:50,886 - INFO -Moving files.
2025-01-03 15:06:06,020 - INFO -Building input files for gmx MMPBSA.
2025-01-03 15:06:08,095 - INFO -Running gmxMMPBSA_cycle9
2025-01-03 15:12:07,092 - INFO -Data Analysis.
2025-01-03 15:12:07,098 - INFO -Results for cycle9:
Headers: frame | DeltaG(kJ/mol) | Coul(kJ/mol) | VdW(kJ/mol) | PolSol(kJ/mol) | NpoSol(kJ/mol) | SF1 | SF2 | Canonical_AVG | MedianDeltaG(kJ/mol) | DeltaG_2s(kJ/mol)
AVG Values: AVG | -78.8 | -282.2 | -85.0 | 288.5 | 0.0 | -57.1 | -558.1 | -94.5 | -78.9 | -79.4
STD Values: STD | 8.8 | 23.5 | 6.6 | 21.7 | 0.0 | 0.2 | 92.3 | nan | nan | 8.8
2025-01-03 15:12:07,098 - INFO -Cleaning files.
2025-01-03 15:12:07,099 - INFO -Moving files.
2025-01-03 15:18:11,245 - INFO -Building input files for gmx MMPBSA.
2025-01-03 15:18:13,007 - INFO -Running gmxMMPBSA_cycle10
2025-01-03 15:24:02,571 - INFO -Data Analysis.
2025-01-03 15:24:02,577 - INFO -Results for cycle10:
Headers: frame | DeltaG(kJ/mol) | Coul(kJ/mol) | VdW(kJ/mol) | PolSol(kJ/mol) | NpoSol(kJ/mol) | SF1 | SF2 | Canonical_AVG | MedianDeltaG(kJ/mol) | DeltaG_2s(kJ/mol)
AVG Values: AVG | -66.9 | -266.6 | -91.8 | 291.4 | 0.0 | -55.8 | -508.2 | -84.8 | -67.0 | -67.0
STD Values: STD | 7.7 | 28.8 | 5.7 | 27.8 | 0.0 | 0.1 | 114.3 | nan | nan | 7.7
2025-01-03 15:24:02,577 - INFO -Cleaning files.
2025-01-03 15:24:02,577 - INFO -Moving files.
2025-01-03 15:24:02,627 - INFO -Making the starting PDB for the next Mutation from LastFrame_cycle10.gro
2025-01-03 15:24:02,975 - INFO -Making the average of the cycles results.
2025-01-03 15:24:02,986 - INFO -Results for Configuation
DeltaG(kJ/mol): -75.6 +- 7.1 kJ/mol
Coul(kJ/mol): -276.8 +- 20.5 kJ/mol
VdW(kJ/mol): -92.9 +- 4.0 kJ/mol
PolSol(kJ/mol): 294.1 +- 15.3 kJ/mol
NpoSol(kJ/mol): 0.0 +- 0.0 kJ/mol
SF1: -57.1 +- 0.5 kJ/mol
SF2: -536.2 +- 76.9 kJ/mol
Canonical_AVG: -84.1 +- nan kJ/mol
MedianDeltaG(kJ/mol): -74.0 +- nan kJ/mol
DeltaG_2s(kJ/mol): -75.6 +- 7.1 kJ/mol
2025-01-03 15:24:02,987 - INFO -Metropolis algorithm
2025-01-03 15:24:02,987 - INFO -Random Number: 0.48895706223192914  Metropolis Prob: 1  AVG: -75.6  Stored AVG: -65.2
2025-01-03 15:24:02,987 - INFO -New Configuration Accepted
2025-01-03 15:24:02,987 - INFO -Finished Mutant1
2025-01-03 15:24:02,987 - INFO -#### Begin with Mutant2 ####
2025-01-03 15:24:02,987 - INFO -PATH : /home/bio/Desktop/jupyter_test/antibody_test/output_20250103_112009/Mutant2
2025-01-03 15:24:02,987 - INFO -Making a new mutation.
2025-01-03 15:24:03,751 - INFO -Topology generation completed successfully.
2025-01-03 15:24:03,784 - INFO -Simulation box definition completed successfully.
2025-01-03 15:24:04,454 - INFO -Water and ions successfully added to the system.
2025-01-03 15:24:09,943 - INFO -Energy minimization completed successfully.
2025-01-03 15:24:09,943 - INFO -Running NVT MD for temperature equilibration.
2025-01-03 15:24:29,311 - INFO -Running NPT MD for pressure equilibration
2025-01-03 15:24:49,365 - INFO -Equilibration completed successfully.
2025-01-03 15:36:22,384 - INFO -Building input files for gmx MMPBSA.
2025-01-03 15:36:24,542 - INFO -Running gmxMMPBSA_cycle1
2025-01-03 15:42:42,907 - INFO -Data Analysis.
2025-01-03 15:42:42,914 - INFO -Results for cycle1:
Headers: frame | DeltaG(kJ/mol) | Coul(kJ/mol) | VdW(kJ/mol) | PolSol(kJ/mol) | NpoSol(kJ/mol) | SF1 | SF2 | Canonical_AVG | MedianDeltaG(kJ/mol) | DeltaG_2s(kJ/mol)
AVG Values: AVG | -70.6 | -288.6 | -86.7 | 304.7 | 0.0 | -59.3 | -561.0 | -93.5 | -71.6 | -70.9
STD Values: STD | 8.9 | 27.1 | 5.1 | 24.1 | 0.0 | 0.3 | 105.3 | nan | nan | 8.9
2025-01-03 15:42:42,915 - INFO -Cleaning files.
2025-01-03 15:42:42,915 - INFO -Moving files.
2025-01-03 15:48:34,069 - INFO -Building input files for gmx MMPBSA.
2025-01-03 15:48:36,230 - INFO -Running gmxMMPBSA_cycle2
2025-01-03 15:54:55,258 - INFO -Data Analysis.
2025-01-03 15:54:55,271 - INFO -Results for cycle2:
Headers: frame | DeltaG(kJ/mol) | Coul(kJ/mol) | VdW(kJ/mol) | PolSol(kJ/mol) | NpoSol(kJ/mol) | SF1 | SF2 | Canonical_AVG | MedianDeltaG(kJ/mol) | DeltaG_2s(kJ/mol)
AVG Values: AVG | -79.1 | -269.4 | -99.5 | 289.9 | 0.0 | -55.9 | -518.4 | -96.6 | -79.8 | -79.4
STD Values: STD | 9.0 | 21.0 | 5.5 | 19.0 | 0.0 | 0.2 | 82.0 | nan | nan | 9.0
2025-01-03 15:54:55,272 - INFO -Cleaning files.
2025-01-03 15:54:55,282 - INFO -Moving files.
2025-01-03 16:00:40,460 - INFO -Building input files for gmx MMPBSA.
2025-01-03 16:00:42,583 - INFO -Running gmxMMPBSA_cycle3
2025-01-03 16:06:39,679 - INFO -Data Analysis.
2025-01-03 16:06:39,686 - INFO -Results for cycle3:
Headers: frame | DeltaG(kJ/mol) | Coul(kJ/mol) | VdW(kJ/mol) | PolSol(kJ/mol) | NpoSol(kJ/mol) | SF1 | SF2 | Canonical_AVG | MedianDeltaG(kJ/mol) | DeltaG_2s(kJ/mol)
AVG Values: AVG | -82.5 | -307.7 | -95.7 | 320.9 | 0.0 | -62.9 | -602.2 | -108.4 | -82.7 | -82.3
STD Values: STD | 10.4 | 27.9 | 5.9 | 22.6 | 0.0 | 0.5 | 106.3 | nan | nan | 10.4
2025-01-03 16:06:39,687 - INFO -Cleaning files.
2025-01-03 16:06:39,687 - INFO -Moving files.
2025-01-03 16:12:46,865 - INFO -Building input files for gmx MMPBSA.
2025-01-03 16:12:49,053 - INFO -Running gmxMMPBSA_cycle4
2025-01-03 16:18:52,387 - INFO -Data Analysis.
2025-01-03 16:18:52,395 - INFO -Results for cycle4:
Headers: frame | DeltaG(kJ/mol) | Coul(kJ/mol) | VdW(kJ/mol) | PolSol(kJ/mol) | NpoSol(kJ/mol) | SF1 | SF2 | Canonical_AVG | MedianDeltaG(kJ/mol) | DeltaG_2s(kJ/mol)
AVG Values: AVG | -89.2 | -305.7 | -100.7 | 317.2 | 0.0 | -62.3 | -599.8 | -109.8 | -89.9 | -89.3
STD Values: STD | 9.8 | 26.2 | 6.1 | 22.7 | 0.0 | 0.4 | 101.2 | nan | nan | 9.8
2025-01-03 16:18:52,395 - INFO -Cleaning files.
2025-01-03 16:18:52,412 - INFO -Moving files.
2025-01-03 16:24:55,140 - INFO -Building input files for gmx MMPBSA.
2025-01-03 16:24:57,282 - INFO -Running gmxMMPBSA_cycle5
2025-01-03 16:30:48,965 - INFO -Data Analysis.
2025-01-03 16:30:48,971 - INFO -Results for cycle5:
Headers: frame | DeltaG(kJ/mol) | Coul(kJ/mol) | VdW(kJ/mol) | PolSol(kJ/mol) | NpoSol(kJ/mol) | SF1 | SF2 | Canonical_AVG | MedianDeltaG(kJ/mol) | DeltaG_2s(kJ/mol)
AVG Values: AVG | -76.6 | -301.1 | -93.3 | 317.7 | 0.0 | -61.9 | -585.6 | -94.4 | -76.5 | -76.9
STD Values: STD | 8.0 | 27.7 | 8.3 | 27.4 | 0.0 | 0.0 | 110.4 | nan | nan | 8.0
2025-01-03 16:30:48,971 - INFO -Cleaning files.
2025-01-03 16:30:48,990 - INFO -Moving files.
2025-01-03 16:37:01,422 - INFO -Building input files for gmx MMPBSA.
2025-01-03 16:37:03,490 - INFO -Running gmxMMPBSA_cycle6
2025-01-03 16:43:09,184 - INFO -Data Analysis.
2025-01-03 16:43:09,191 - INFO -Results for cycle6:
Headers: frame | DeltaG(kJ/mol) | Coul(kJ/mol) | VdW(kJ/mol) | PolSol(kJ/mol) | NpoSol(kJ/mol) | SF1 | SF2 | Canonical_AVG | MedianDeltaG(kJ/mol) | DeltaG_2s(kJ/mol)
AVG Values: AVG | -85.0 | -335.1 | -100.0 | 350.1 | 0.0 | -68.5 | -655.1 | -100.3 | -85.7 | -85.2
STD Values: STD | 8.1 | 23.5 | 5.4 | 19.8 | 0.0 | 0.4 | 90.3 | nan | nan | 8.1
2025-01-03 16:43:09,191 - INFO -Cleaning files.
2025-01-03 16:43:09,191 - INFO -Moving files.
2025-01-03 16:49:08,628 - INFO -Building input files for gmx MMPBSA.
2025-01-03 16:49:10,794 - INFO -Running gmxMMPBSA_cycle7
2025-01-03 16:55:23,428 - INFO -Data Analysis.
2025-01-03 16:55:23,435 - INFO -Results for cycle7:
Headers: frame | DeltaG(kJ/mol) | Coul(kJ/mol) | VdW(kJ/mol) | PolSol(kJ/mol) | NpoSol(kJ/mol) | SF1 | SF2 | Canonical_AVG | MedianDeltaG(kJ/mol) | DeltaG_2s(kJ/mol)
AVG Values: AVG | -65.2 | -267.9 | -88.7 | 291.4 | 0.0 | -55.9 | -512.2 | -79.2 | -66.4 | -65.6
STD Values: STD | 8.1 | 25.1 | 5.5 | 22.2 | 0.0 | 0.3 | 97.4 | nan | nan | 8.1
2025-01-03 16:55:23,435 - INFO -Cleaning files.
2025-01-03 16:55:23,435 - INFO -Moving files.
2025-01-03 17:01:15,164 - INFO -Building input files for gmx MMPBSA.
2025-01-03 17:01:17,328 - INFO -Running gmxMMPBSA_cycle8
2025-01-03 17:07:10,059 - INFO -Data Analysis.
2025-01-03 17:07:10,065 - INFO -Results for cycle8:
Headers: frame | DeltaG(kJ/mol) | Coul(kJ/mol) | VdW(kJ/mol) | PolSol(kJ/mol) | NpoSol(kJ/mol) | SF1 | SF2 | Canonical_AVG | MedianDeltaG(kJ/mol) | DeltaG_2s(kJ/mol)
AVG Values: AVG | -78.7 | -303.1 | -94.0 | 318.5 | 0.0 | -62.2 | -590.9 | -99.7 | -79.5 | -79.3
STD Values: STD | 8.2 | 21.4 | 5.3 | 18.7 | 0.0 | 0.3 | 82.9 | nan | nan | 8.2
2025-01-03 17:07:10,065 - INFO -Cleaning files.
2025-01-03 17:07:10,065 - INFO -Moving files.
2025-01-03 17:13:19,827 - INFO -Building input files for gmx MMPBSA.
2025-01-03 17:13:21,932 - INFO -Running gmxMMPBSA_cycle9
2025-01-03 17:19:50,348 - INFO -Data Analysis.
2025-01-03 17:19:50,354 - INFO -Results for cycle9:
Headers: frame | DeltaG(kJ/mol) | Coul(kJ/mol) | VdW(kJ/mol) | PolSol(kJ/mol) | NpoSol(kJ/mol) | SF1 | SF2 | Canonical_AVG | MedianDeltaG(kJ/mol) | DeltaG_2s(kJ/mol)
AVG Values: AVG | -74.7 | -303.7 | -92.7 | 321.6 | 0.0 | -62.5 | -589.5 | -89.2 | -75.4 | -75.6
STD Values: STD | 8.6 | 24.6 | 5.5 | 21.4 | 0.0 | 0.3 | 95.3 | nan | nan | 8.6
2025-01-03 17:19:50,354 - INFO -Cleaning files.
2025-01-03 17:19:50,354 - INFO -Moving files.
2025-01-03 17:25:29,220 - INFO -Building input files for gmx MMPBSA.
2025-01-03 17:25:30,973 - INFO -Running gmxMMPBSA_cycle10
2025-01-03 17:31:14,535 - INFO -Data Analysis.
2025-01-03 17:31:14,541 - INFO -Results for cycle10:
Headers: frame | DeltaG(kJ/mol) | Coul(kJ/mol) | VdW(kJ/mol) | PolSol(kJ/mol) | NpoSol(kJ/mol) | SF1 | SF2 | Canonical_AVG | MedianDeltaG(kJ/mol) | DeltaG_2s(kJ/mol)
AVG Values: AVG | -81.9 | -271.4 | -92.0 | 281.5 | 0.0 | -55.3 | -532.7 | -99.7 | -81.6 | -81.5
STD Values: STD | 7.6 | 29.5 | 7.3 | 26.5 | 0.0 | 0.3 | 115.1 | nan | nan | 7.6
2025-01-03 17:31:14,541 - INFO -Cleaning files.
2025-01-03 17:31:14,541 - INFO -Moving files.
2025-01-03 17:31:14,591 - INFO -Making the starting PDB for the next Mutation from LastFrame_cycle10.gro
2025-01-03 17:31:14,942 - INFO -Making the average of the cycles results.
2025-01-03 17:31:14,948 - INFO -Results for Configuation
DeltaG(kJ/mol): -78.3 +- 7.0 kJ/mol
Coul(kJ/mol): -295.4 +- 21.2 kJ/mol
VdW(kJ/mol): -94.3 +- 4.7 kJ/mol
PolSol(kJ/mol): 311.3 +- 20.0 kJ/mol
NpoSol(kJ/mol): 0.0 +- 0.0 kJ/mol
SF1: -60.7 +- 0.1 kJ/mol
SF2: -574.8 +- 83.7 kJ/mol
Canonical_AVG: -86.8 +- nan kJ/mol
MedianDeltaG(kJ/mol): -78.9 +- nan kJ/mol
DeltaG_2s(kJ/mol): -78.3 +- 7.0 kJ/mol
2025-01-03 17:31:14,948 - INFO -Metropolis algorithm
2025-01-03 17:31:14,948 - INFO -Random Number: 0.16791007642122535  Metropolis Prob: 0.5866462195100329  AVG: -78.3  Stored AVG: -75.6
2025-01-03 17:31:14,948 - INFO -New Configuration Accepted
2025-01-03 17:31:14,948 - INFO -Finished Mutant2
2025-01-03 17:31:14,948 - INFO -#### Begin with Mutant3 ####
2025-01-03 17:31:14,948 - INFO -PATH : /home/bio/Desktop/jupyter_test/antibody_test/output_20250103_112009/Mutant3
2025-01-03 17:31:14,948 - INFO -Making a new mutation.
2025-01-03 17:31:15,686 - INFO -Topology generation completed successfully.
2025-01-03 17:31:15,716 - INFO -Simulation box definition completed successfully.
2025-01-03 17:31:16,372 - INFO -Water and ions successfully added to the system.
2025-01-03 17:31:22,149 - INFO -Energy minimization completed successfully.
2025-01-03 17:31:22,149 - INFO -Running NVT MD for temperature equilibration.
2025-01-03 17:31:40,099 - INFO -Running NPT MD for pressure equilibration
2025-01-03 17:31:58,686 - INFO -Equilibration completed successfully.
2025-01-03 17:43:03,837 - INFO -Building input files for gmx MMPBSA.
2025-01-03 17:43:05,974 - INFO -Running gmxMMPBSA_cycle1
2025-01-03 17:49:15,741 - INFO -Data Analysis.
2025-01-03 17:49:15,748 - INFO -Results for cycle1:
Headers: frame | DeltaG(kJ/mol) | Coul(kJ/mol) | VdW(kJ/mol) | PolSol(kJ/mol) | NpoSol(kJ/mol) | SF1 | SF2 | Canonical_AVG | MedianDeltaG(kJ/mol) | DeltaG_2s(kJ/mol)
AVG Values: AVG | -71.1 | -200.3 | -100.1 | 229.3 | 0.0 | -43.0 | -371.6 | -92.2 | -71.3 | -71.4
STD Values: STD | 8.5 | 19.8 | 5.5 | 20.6 | 0.0 | -0.1 | 80.1 | nan | nan | 8.5
2025-01-03 17:49:15,748 - INFO -Cleaning files.
2025-01-03 17:49:15,748 - INFO -Moving files.
2025-01-03 17:54:43,528 - INFO -Building input files for gmx MMPBSA.
2025-01-03 17:54:45,678 - INFO -Running gmxMMPBSA_cycle2
2025-01-03 18:01:22,939 - INFO -Data Analysis.
2025-01-03 18:01:22,946 - INFO -Results for cycle2:
Headers: frame | DeltaG(kJ/mol) | Coul(kJ/mol) | VdW(kJ/mol) | PolSol(kJ/mol) | NpoSol(kJ/mol) | SF1 | SF2 | Canonical_AVG | MedianDeltaG(kJ/mol) | DeltaG_2s(kJ/mol)
AVG Values: AVG | -78.1 | -301.3 | -93.3 | 316.6 | 0.0 | -61.8 | -587.4 | -99.9 | -78.7 | -78.6
STD Values: STD | 9.3 | 27.1 | 5.6 | 23.3 | 0.0 | 0.4 | 104.5 | nan | nan | 9.3
2025-01-03 18:01:22,946 - INFO -Cleaning files.
2025-01-03 18:01:22,946 - INFO -Moving files.
2025-01-03 18:06:22,843 - INFO -Building input files for gmx MMPBSA.
2025-01-03 18:06:24,955 - INFO -Running gmxMMPBSA_cycle3
2025-01-03 18:12:21,654 - INFO -Data Analysis.
2025-01-03 18:12:21,661 - INFO -Results for cycle3:
Headers: frame | DeltaG(kJ/mol) | Coul(kJ/mol) | VdW(kJ/mol) | PolSol(kJ/mol) | NpoSol(kJ/mol) | SF1 | SF2 | Canonical_AVG | MedianDeltaG(kJ/mol) | DeltaG_2s(kJ/mol)
AVG Values: AVG | -69.9 | -274.1 | -89.6 | 293.8 | 0.0 | -56.8 | -528.6 | -101.2 | -69.3 | -69.6
STD Values: STD | 10.6 | 28.6 | 5.8 | 23.3 | 0.0 | 0.5 | 109.2 | nan | nan | 10.6
2025-01-03 18:12:21,661 - INFO -Cleaning files.
2025-01-03 18:12:21,679 - INFO -Moving files.
2025-01-03 18:17:58,212 - INFO -Building input files for gmx MMPBSA.
2025-01-03 18:18:00,378 - INFO -Running gmxMMPBSA_cycle4
2025-01-03 18:24:14,130 - INFO -Data Analysis.
2025-01-03 18:24:14,136 - INFO -Results for cycle4:
Headers: frame | DeltaG(kJ/mol) | Coul(kJ/mol) | VdW(kJ/mol) | PolSol(kJ/mol) | NpoSol(kJ/mol) | SF1 | SF2 | Canonical_AVG | MedianDeltaG(kJ/mol) | DeltaG_2s(kJ/mol)
AVG Values: AVG | -86.4 | -374.1 | -88.7 | 376.4 | 0.0 | -75.0 | -745.8 | -106.3 | -86.8 | -86.6
STD Values: STD | 9.8 | 33.7 | 6.0 | 28.2 | 0.0 | 0.5 | 129.4 | nan | nan | 9.8
2025-01-03 18:24:14,137 - INFO -Cleaning files.
2025-01-03 18:24:14,137 - INFO -Moving files.
2025-01-03 18:29:38,691 - INFO -Building input files for gmx MMPBSA.
2025-01-03 18:29:40,759 - INFO -Running gmxMMPBSA_cycle5
2025-01-03 18:35:53,666 - INFO -Data Analysis.
2025-01-03 18:35:53,673 - INFO -Results for cycle5:
Headers: frame | DeltaG(kJ/mol) | Coul(kJ/mol) | VdW(kJ/mol) | PolSol(kJ/mol) | NpoSol(kJ/mol) | SF1 | SF2 | Canonical_AVG | MedianDeltaG(kJ/mol) | DeltaG_2s(kJ/mol)
AVG Values: AVG | -84.0 | -293.4 | -101.2 | 310.6 | 0.0 | -60.4 | -569.6 | -101.0 | -83.4 | -84.2
STD Values: STD | 9.2 | 37.8 | 6.5 | 31.0 | 0.0 | 0.7 | 144.5 | nan | nan | 9.2
2025-01-03 18:35:53,673 - INFO -Cleaning files.
2025-01-03 18:35:53,673 - INFO -Moving files.
2025-01-03 18:41:18,864 - INFO -Building input files for gmx MMPBSA.
2025-01-03 18:41:20,993 - INFO -Running gmxMMPBSA_cycle6
2025-01-03 18:47:48,224 - INFO -Data Analysis.
2025-01-03 18:47:48,231 - INFO -Results for cycle6:
Headers: frame | DeltaG(kJ/mol) | Coul(kJ/mol) | VdW(kJ/mol) | PolSol(kJ/mol) | NpoSol(kJ/mol) | SF1 | SF2 | Canonical_AVG | MedianDeltaG(kJ/mol) | DeltaG_2s(kJ/mol)
AVG Values: AVG | -81.0 | -308.8 | -93.2 | 321.0 | 0.0 | -63.0 | -605.3 | -105.9 | -81.2 | -80.9
STD Values: STD | 10.1 | 25.2 | 6.6 | 20.6 | 0.0 | 0.5 | 96.2 | nan | nan | 10.1
2025-01-03 18:47:48,231 - INFO -Cleaning files.
2025-01-03 18:47:48,231 - INFO -Moving files.
2025-01-03 18:53:03,541 - INFO -Building input files for gmx MMPBSA.
2025-01-03 18:53:05,702 - INFO -Running gmxMMPBSA_cycle7
2025-01-03 18:59:41,430 - INFO -Data Analysis.
2025-01-03 18:59:41,437 - INFO -Results for cycle7:
Headers: frame | DeltaG(kJ/mol) | Coul(kJ/mol) | VdW(kJ/mol) | PolSol(kJ/mol) | NpoSol(kJ/mol) | SF1 | SF2 | Canonical_AVG | MedianDeltaG(kJ/mol) | DeltaG_2s(kJ/mol)
AVG Values: AVG | -87.2 | -313.0 | -90.2 | 316.0 | 0.0 | -62.9 | -623.0 | -106.8 | -85.9 | -87.4
STD Values: STD | 8.7 | 34.6 | 5.1 | 29.2 | 0.0 | 0.5 | 133.0 | nan | nan | 8.7
2025-01-03 18:59:41,437 - INFO -Cleaning files.
2025-01-03 18:59:41,455 - INFO -Moving files.
2025-01-03 19:04:45,731 - INFO -Building input files for gmx MMPBSA.
2025-01-03 19:04:47,853 - INFO -Running gmxMMPBSA_cycle8
2025-01-03 19:10:45,577 - INFO -Data Analysis.
2025-01-03 19:10:45,583 - INFO -Results for cycle8:
Headers: frame | DeltaG(kJ/mol) | Coul(kJ/mol) | VdW(kJ/mol) | PolSol(kJ/mol) | NpoSol(kJ/mol) | SF1 | SF2 | Canonical_AVG | MedianDeltaG(kJ/mol) | DeltaG_2s(kJ/mol)
AVG Values: AVG | -66.9 | -286.1 | -93.8 | 312.9 | 0.0 | -59.9 | -545.3 | -84.4 | -66.8 | -67.0
STD Values: STD | 8.3 | 28.6 | 5.3 | 26.7 | 0.0 | 0.2 | 112.6 | nan | nan | 8.3
2025-01-03 19:10:45,583 - INFO -Cleaning files.
2025-01-03 19:10:45,583 - INFO -Moving files.
2025-01-03 19:16:21,782 - INFO -Building input files for gmx MMPBSA.
2025-01-03 19:16:23,920 - INFO -Running gmxMMPBSA_cycle9
2025-01-03 19:22:23,549 - INFO -Data Analysis.
2025-01-03 19:22:23,555 - INFO -Results for cycle9:
Headers: frame | DeltaG(kJ/mol) | Coul(kJ/mol) | VdW(kJ/mol) | PolSol(kJ/mol) | NpoSol(kJ/mol) | SF1 | SF2 | Canonical_AVG | MedianDeltaG(kJ/mol) | DeltaG_2s(kJ/mol)
AVG Values: AVG | -93.8 | -341.5 | -105.4 | 353.1 | 0.0 | -69.5 | -671.4 | -108.2 | -94.9 | -94.3
STD Values: STD | 8.1 | 31.6 | 6.6 | 27.4 | 0.0 | 0.4 | 122.1 | nan | nan | 8.1
2025-01-03 19:22:23,555 - INFO -Cleaning files.
2025-01-03 19:22:23,555 - INFO -Moving files.
2025-01-03 19:27:59,339 - INFO -Building input files for gmx MMPBSA.
2025-01-03 19:28:01,071 - INFO -Running gmxMMPBSA_cycle10
2025-01-03 19:34:19,582 - INFO -Data Analysis.
2025-01-03 19:34:19,589 - INFO -Results for cycle10:
Headers: frame | DeltaG(kJ/mol) | Coul(kJ/mol) | VdW(kJ/mol) | PolSol(kJ/mol) | NpoSol(kJ/mol) | SF1 | SF2 | Canonical_AVG | MedianDeltaG(kJ/mol) | DeltaG_2s(kJ/mol)
AVG Values: AVG | -88.1 | -283.7 | -100.3 | 295.8 | 0.0 | -57.9 | -555.2 | -122.5 | -88.3 | -87.7
STD Values: STD | 10.0 | 33.4 | 6.6 | 27.6 | 0.0 | 0.6 | 127.8 | nan | nan | 10.0
2025-01-03 19:34:19,589 - INFO -Cleaning files.
2025-01-03 19:34:19,589 - INFO -Moving files.
2025-01-03 19:34:19,635 - INFO -Making the starting PDB for the next Mutation from LastFrame_cycle10.gro
2025-01-03 19:34:19,974 - INFO -Making the average of the cycles results.
2025-01-03 19:34:19,981 - INFO -Results for Configuation
DeltaG(kJ/mol): -80.7 +- 8.9 kJ/mol
Coul(kJ/mol): -297.6 +- 45.4 kJ/mol
VdW(kJ/mol): -95.6 +- 5.7 kJ/mol
PolSol(kJ/mol): 312.6 +- 38.6 kJ/mol
NpoSol(kJ/mol): 0.0 +- 0.0 kJ/mol
SF1: -61.0 +- 0.7 kJ/mol
SF2: -580.3 +- 174.7 kJ/mol
Canonical_AVG: -92.1 +- nan kJ/mol
MedianDeltaG(kJ/mol): -82.5 +- nan kJ/mol
DeltaG_2s(kJ/mol): -80.7 +- 8.9 kJ/mol
2025-01-03 19:34:19,981 - INFO -Metropolis algorithm
2025-01-03 19:34:19,981 - INFO -Random Number: 0.9683567792421462  Metropolis Prob: 0.25495539602651046  AVG: -80.7  Stored AVG: -78.3
2025-01-03 19:34:19,981 - INFO -New Configuration Declined
2025-01-03 19:34:19,981 - INFO -Finished Mutant3
2025-01-03 19:34:19,981 - INFO -#### Begin with Mutant4 ####
2025-01-03 19:34:19,981 - INFO -PATH : /home/bio/Desktop/jupyter_test/antibody_test/output_20250103_112009/Mutant4
2025-01-03 19:34:19,981 - INFO -Making a new mutation.
2025-01-03 19:34:20,797 - INFO -Topology generation completed successfully.
2025-01-03 19:34:20,829 - INFO -Simulation box definition completed successfully.
2025-01-03 19:34:21,476 - INFO -Water and ions successfully added to the system.
2025-01-03 19:34:26,829 - INFO -Energy minimization completed successfully.
2025-01-03 19:34:26,829 - INFO -Running NVT MD for temperature equilibration.
2025-01-03 19:34:45,066 - INFO -Running NPT MD for pressure equilibration
2025-01-03 19:35:03,705 - INFO -Equilibration completed successfully.
2025-01-03 19:46:06,893 - INFO -Building input files for gmx MMPBSA.
2025-01-03 19:46:08,988 - INFO -Running gmxMMPBSA_cycle1
2025-01-03 19:52:21,682 - INFO -Data Analysis.
2025-01-03 19:52:21,697 - INFO -Results for cycle1:
Headers: frame | DeltaG(kJ/mol) | Coul(kJ/mol) | VdW(kJ/mol) | PolSol(kJ/mol) | NpoSol(kJ/mol) | SF1 | SF2 | Canonical_AVG | MedianDeltaG(kJ/mol) | DeltaG_2s(kJ/mol)
AVG Values: AVG | -74.8 | -329.1 | -90.2 | 344.4 | 0.0 | -67.3 | -642.8 | -94.6 | -74.8 | -75.0
STD Values: STD | 9.3 | 22.8 | 7.0 | 24.0 | 0.0 | -0.1 | 92.4 | nan | nan | 9.3
2025-01-03 19:52:21,697 - INFO -Cleaning files.
2025-01-03 19:52:21,697 - INFO -Moving files.
2025-01-03 19:57:43,303 - INFO -Building input files for gmx MMPBSA.
2025-01-03 19:57:45,458 - INFO -Running gmxMMPBSA_cycle2
2025-01-03 20:03:55,155 - INFO -Data Analysis.
2025-01-03 20:03:55,162 - INFO -Results for cycle2:
Headers: frame | DeltaG(kJ/mol) | Coul(kJ/mol) | VdW(kJ/mol) | PolSol(kJ/mol) | NpoSol(kJ/mol) | SF1 | SF2 | Canonical_AVG | MedianDeltaG(kJ/mol) | DeltaG_2s(kJ/mol)
AVG Values: AVG | -79.0 | -300.8 | -96.3 | 318.1 | 0.0 | -61.9 | -584.3 | -99.6 | -79.0 | -78.8
STD Values: STD | 9.6 | 37.4 | 8.5 | 29.7 | 0.0 | 0.8 | 142.0 | nan | nan | 9.6
2025-01-03 20:03:55,162 - INFO -Cleaning files.
2025-01-03 20:03:55,181 - INFO -Moving files.
2025-01-03 20:09:20,130 - INFO -Building input files for gmx MMPBSA.
2025-01-03 20:09:22,275 - INFO -Running gmxMMPBSA_cycle3
2025-01-03 20:15:35,973 - INFO -Data Analysis.
2025-01-03 20:15:35,989 - INFO -Results for cycle3:
Headers: frame | DeltaG(kJ/mol) | Coul(kJ/mol) | VdW(kJ/mol) | PolSol(kJ/mol) | NpoSol(kJ/mol) | SF1 | SF2 | Canonical_AVG | MedianDeltaG(kJ/mol) | DeltaG_2s(kJ/mol)
AVG Values: AVG | -60.2 | -256.0 | -102.7 | 298.4 | 0.0 | -55.4 | -469.6 | -88.9 | -59.9 | -60.2
STD Values: STD | 10.0 | 28.1 | 6.3 | 25.5 | 0.0 | 0.3 | 109.8 | nan | nan | 10.0
2025-01-03 20:15:35,989 - INFO -Cleaning files.
2025-01-03 20:15:35,998 - INFO -Moving files.
2025-01-03 20:20:56,151 - INFO -Building input files for gmx MMPBSA.
2025-01-03 20:20:58,338 - INFO -Running gmxMMPBSA_cycle4
2025-01-03 20:26:43,766 - INFO -Data Analysis.
2025-01-03 20:26:43,781 - INFO -Results for cycle4:
Headers: frame | DeltaG(kJ/mol) | Coul(kJ/mol) | VdW(kJ/mol) | PolSol(kJ/mol) | NpoSol(kJ/mol) | SF1 | SF2 | Canonical_AVG | MedianDeltaG(kJ/mol) | DeltaG_2s(kJ/mol)
AVG Values: AVG | -72.9 | -269.9 | -93.2 | 290.2 | 0.0 | -56.0 | -519.4 | -90.8 | -72.6 | -72.8
STD Values: STD | 8.3 | 35.4 | 6.5 | 30.9 | 0.0 | 0.4 | 137.0 | nan | nan | 8.3
2025-01-03 20:26:43,782 - INFO -Cleaning files.
2025-01-03 20:26:43,782 - INFO -Moving files.
2025-01-03 20:32:28,644 - INFO -Building input files for gmx MMPBSA.
2025-01-03 20:32:30,779 - INFO -Running gmxMMPBSA_cycle5
2025-01-03 20:38:32,491 - INFO -Data Analysis.
2025-01-03 20:38:32,497 - INFO -Results for cycle5:
Headers: frame | DeltaG(kJ/mol) | Coul(kJ/mol) | VdW(kJ/mol) | PolSol(kJ/mol) | NpoSol(kJ/mol) | SF1 | SF2 | Canonical_AVG | MedianDeltaG(kJ/mol) | DeltaG_2s(kJ/mol)
AVG Values: AVG | -80.4 | -313.1 | -97.6 | 330.3 | 0.0 | -64.3 | -609.1 | -98.7 | -80.7 | -80.6
STD Values: STD | 9.4 | 33.1 | 6.0 | 29.1 | 0.0 | 0.4 | 128.3 | nan | nan | 9.4
2025-01-03 20:38:32,497 - INFO -Cleaning files.
2025-01-03 20:38:32,516 - INFO -Moving files.
2025-01-03 20:44:02,127 - INFO -Building input files for gmx MMPBSA.
2025-01-03 20:44:04,152 - INFO -Running gmxMMPBSA_cycle6
2025-01-03 20:50:32,857 - INFO -Data Analysis.
2025-01-03 20:50:32,863 - INFO -Results for cycle6:
Headers: frame | DeltaG(kJ/mol) | Coul(kJ/mol) | VdW(kJ/mol) | PolSol(kJ/mol) | NpoSol(kJ/mol) | SF1 | SF2 | Canonical_AVG | MedianDeltaG(kJ/mol) | DeltaG_2s(kJ/mol)
AVG Values: AVG | -62.9 | -283.3 | -100.0 | 320.5 | 0.0 | -60.4 | -529.6 | -92.4 | -63.5 | -63.2
STD Values: STD | 9.8 | 25.2 | 6.2 | 22.9 | 0.0 | 0.2 | 98.4 | nan | nan | 9.8
2025-01-03 20:50:32,863 - INFO -Cleaning files.
2025-01-03 20:50:32,863 - INFO -Moving files.
2025-01-03 20:55:38,096 - INFO -Building input files for gmx MMPBSA.
2025-01-03 20:55:40,229 - INFO -Running gmxMMPBSA_cycle7
2025-01-03 21:01:41,978 - INFO -Data Analysis.
2025-01-03 21:01:41,985 - INFO -Results for cycle7:
Headers: frame | DeltaG(kJ/mol) | Coul(kJ/mol) | VdW(kJ/mol) | PolSol(kJ/mol) | NpoSol(kJ/mol) | SF1 | SF2 | Canonical_AVG | MedianDeltaG(kJ/mol) | DeltaG_2s(kJ/mol)
AVG Values: AVG | -63.8 | -283.8 | -94.0 | 314.1 | 0.0 | -59.8 | -537.5 | -89.4 | -64.0 | -63.3
STD Values: STD | 8.4 | 23.6 | 6.1 | 21.2 | 0.0 | 0.2 | 92.0 | nan | nan | 8.4
2025-01-03 21:01:41,985 - INFO -Cleaning files.
2025-01-03 21:01:41,985 - INFO -Moving files.
2025-01-03 21:07:13,596 - INFO -Building input files for gmx MMPBSA.
2025-01-03 21:07:15,728 - INFO -Running gmxMMPBSA_cycle8
2025-01-03 21:12:54,051 - INFO -Data Analysis.
2025-01-03 21:12:54,058 - INFO -Results for cycle8:
Headers: frame | DeltaG(kJ/mol) | Coul(kJ/mol) | VdW(kJ/mol) | PolSol(kJ/mol) | NpoSol(kJ/mol) | SF1 | SF2 | Canonical_AVG | MedianDeltaG(kJ/mol) | DeltaG_2s(kJ/mol)
AVG Values: AVG | -73.9 | -296.8 | -99.7 | 322.6 | 0.0 | -61.9 | -567.8 | -108.5 | -72.7 | -74.2
STD Values: STD | 18.1 | 37.9 | 6.1 | 22.5 | 0.0 | 1.5 | 136.3 | nan | nan | 18.1
2025-01-03 21:12:54,058 - INFO -Cleaning files.
2025-01-03 21:12:54,058 - INFO -Moving files.
2025-01-03 21:18:45,769 - INFO -Building input files for gmx MMPBSA.
2025-01-03 21:18:47,845 - INFO -Running gmxMMPBSA_cycle9
2025-01-03 21:24:29,522 - INFO -Data Analysis.
2025-01-03 21:24:29,528 - INFO -Results for cycle9:
Headers: frame | DeltaG(kJ/mol) | Coul(kJ/mol) | VdW(kJ/mol) | PolSol(kJ/mol) | NpoSol(kJ/mol) | SF1 | SF2 | Canonical_AVG | MedianDeltaG(kJ/mol) | DeltaG_2s(kJ/mol)
AVG Values: AVG | -76.7 | -231.2 | -96.1 | 250.6 | 0.0 | -48.2 | -443.1 | -95.4 | -76.1 | -76.5
STD Values: STD | 8.3 | 30.1 | 5.8 | 27.9 | 0.0 | 0.2 | 118.2 | nan | nan | 8.3
2025-01-03 21:24:29,528 - INFO -Cleaning files.
2025-01-03 21:24:29,528 - INFO -Moving files.
2025-01-03 21:30:19,003 - INFO -Building input files for gmx MMPBSA.
2025-01-03 21:30:20,697 - INFO -Running gmxMMPBSA_cycle10
2025-01-03 21:36:16,147 - INFO -Data Analysis.
2025-01-03 21:36:16,153 - INFO -Results for cycle10:
Headers: frame | DeltaG(kJ/mol) | Coul(kJ/mol) | VdW(kJ/mol) | PolSol(kJ/mol) | NpoSol(kJ/mol) | SF1 | SF2 | Canonical_AVG | MedianDeltaG(kJ/mol) | DeltaG_2s(kJ/mol)
AVG Values: AVG | -79.4 | -303.5 | -98.6 | 322.7 | 0.0 | -62.6 | -587.8 | -96.1 | -78.9 | -79.9
STD Values: STD | 8.6 | 27.3 | 5.9 | 27.9 | 0.0 | -0.1 | 109.7 | nan | nan | 8.6
2025-01-03 21:36:16,153 - INFO -Cleaning files.
2025-01-03 21:36:16,172 - INFO -Moving files.
2025-01-03 21:36:16,224 - INFO -Making the starting PDB for the next Mutation from LastFrame_cycle10.gro
2025-01-03 21:36:16,576 - INFO -Making the average of the cycles results.
2025-01-03 21:36:16,582 - INFO -Results for Configuation
DeltaG(kJ/mol): -72.4 +- 7.4 kJ/mol
Coul(kJ/mol): -286.8 +- 28.7 kJ/mol
VdW(kJ/mol): -96.8 +- 3.7 kJ/mol
PolSol(kJ/mol): 311.2 +- 26.1 kJ/mol
NpoSol(kJ/mol): 0.0 +- 0.0 kJ/mol
SF1: -59.8 +- 0.3 kJ/mol
SF2: -549.1 +- 112.2 kJ/mol
Canonical_AVG: -79.1 +- nan kJ/mol
MedianDeltaG(kJ/mol): -74.3 +- nan kJ/mol
DeltaG_2s(kJ/mol): -72.4 +- 7.4 kJ/mol
2025-01-03 21:36:16,582 - INFO -Metropolis algorithm
2025-01-03 21:36:16,582 - INFO -Random Number: 0.8277415727503765  Metropolis Prob: 0.0016615572731739413  AVG: -72.4  Stored AVG: -78.3
2025-01-03 21:36:16,582 - INFO -New Configuration Declined
2025-01-03 21:36:16,582 - INFO -Finished Mutant4
2025-01-03 21:36:16,582 - INFO -ALL DONE.
